[INFO ] 2024-05-15 23:41:01.121 [restartedMain][StartupInfoLogger.java] PomsApplication - Starting PomsApplication using Java 17.0.10 with PID 19824 (C:\Project\poms\build\classes\java\main started by user in C:\Project\poms)
[DEBUG] 2024-05-15 23:41:01.131 [restartedMain][StartupInfoLogger.java] PomsApplication - Running with Spring Boot v3.2.3, Spring v6.1.4
[INFO ] 2024-05-15 23:41:01.132 [restartedMain][SpringApplication.java] PomsApplication - No active profile set, falling back to 1 default profile: "default"
[INFO ] 2024-05-15 23:41:01.874 [restartedMain][RepositoryConfigurationDelegate.java] RepositoryConfigurationDelegate - Bootstrapping Spring Data JPA repositories in DEFAULT mode.
[INFO ] 2024-05-15 23:41:01.902 [restartedMain][RepositoryConfigurationDelegate.java] RepositoryConfigurationDelegate - Finished Spring Data repository scanning in 27 ms. Found 1 JPA repository interface.
[INFO ] 2024-05-15 23:41:02.191 [restartedMain][TomcatWebServer.java] TomcatWebServer - Tomcat initialized with port 18080 (http)
[INFO ] 2024-05-15 23:41:02.301 [restartedMain][ServletWebServerApplicationContext.java] ServletWebServerApplicationContext - Root WebApplicationContext: initialization completed in 1159 ms
[INFO ] 2024-05-15 23:41:02.399 [restartedMain][SpringPersistenceUnitInfo.java] SpringPersistenceUnitInfo - No LoadTimeWeaver setup: ignoring JPA class transformer
[INFO ] 2024-05-15 23:41:02.506 [restartedMain][AbstractEntityManagerFactoryBean.java] LocalContainerEntityManagerFactoryBean - Initialized JPA EntityManagerFactory for persistence unit 'default'
[WARN ] 2024-05-15 23:41:02.668 [restartedMain][JpaBaseConfiguration.java] JpaBaseConfiguration$JpaWebConfiguration - spring.jpa.open-in-view is enabled by default. Therefore, database queries may be performed during view rendering. Explicitly configure spring.jpa.open-in-view to disable this warning
[INFO ] 2024-05-15 23:41:02.812 [restartedMain][DefaultSecurityFilterChain.java] DefaultSecurityFilterChain - Will secure any request with [org.springframework.security.web.session.DisableEncodeUrlFilter@637773d2, org.springframework.security.web.context.request.async.WebAsyncManagerIntegrationFilter@13963242, org.springframework.security.web.context.SecurityContextHolderFilter@55518c35, org.springframework.security.web.header.HeaderWriterFilter@6692cf75, org.springframework.web.filter.CorsFilter@4a480ab9, org.springframework.security.web.authentication.logout.LogoutFilter@6aea27c3, org.springframework.security.web.authentication.UsernamePasswordAuthenticationFilter@360567f5, org.springframework.security.web.savedrequest.RequestCacheAwareFilter@22155813, org.springframework.security.web.servletapi.SecurityContextHolderAwareRequestFilter@4bc7ba56, org.springframework.security.web.authentication.AnonymousAuthenticationFilter@57efe6ca, org.springframework.security.web.access.ExceptionTranslationFilter@45d59dca, org.springframework.security.web.access.intercept.AuthorizationFilter@dea9db4]
[WARN ] 2024-05-15 23:41:02.816 [restartedMain][WebSecurity.java] WebSecurity - You are asking Spring Security to ignore Mvc [pattern='/images/**']. This is not recommended -- please use permitAll via HttpSecurity#authorizeHttpRequests instead.
[INFO ] 2024-05-15 23:41:02.816 [restartedMain][DefaultSecurityFilterChain.java] DefaultSecurityFilterChain - Will not secure Mvc [pattern='/images/**']
[WARN ] 2024-05-15 23:41:02.816 [restartedMain][WebSecurity.java] WebSecurity - You are asking Spring Security to ignore Mvc [pattern='/js/**']. This is not recommended -- please use permitAll via HttpSecurity#authorizeHttpRequests instead.
[INFO ] 2024-05-15 23:41:02.816 [restartedMain][DefaultSecurityFilterChain.java] DefaultSecurityFilterChain - Will not secure Mvc [pattern='/js/**']
[WARN ] 2024-05-15 23:41:02.816 [restartedMain][WebSecurity.java] WebSecurity - You are asking Spring Security to ignore Mvc [pattern='/css/**']. This is not recommended -- please use permitAll via HttpSecurity#authorizeHttpRequests instead.
[INFO ] 2024-05-15 23:41:02.817 [restartedMain][DefaultSecurityFilterChain.java] DefaultSecurityFilterChain - Will not secure Mvc [pattern='/css/**']
[WARN ] 2024-05-15 23:41:02.817 [restartedMain][WebSecurity.java] WebSecurity - You are asking Spring Security to ignore Mvc [pattern='/font/**']. This is not recommended -- please use permitAll via HttpSecurity#authorizeHttpRequests instead.
[INFO ] 2024-05-15 23:41:02.817 [restartedMain][DefaultSecurityFilterChain.java] DefaultSecurityFilterChain - Will not secure Mvc [pattern='/font/**']
[WARN ] 2024-05-15 23:41:02.817 [restartedMain][WebSecurity.java] WebSecurity - You are asking Spring Security to ignore Mvc [pattern='/error']. This is not recommended -- please use permitAll via HttpSecurity#authorizeHttpRequests instead.
[INFO ] 2024-05-15 23:41:02.817 [restartedMain][DefaultSecurityFilterChain.java] DefaultSecurityFilterChain - Will not secure Mvc [pattern='/error']
[INFO ] 2024-05-15 23:41:02.931 [restartedMain][OptionalLiveReloadServer.java] OptionalLiveReloadServer - LiveReload server is running on port 35729
[INFO ] 2024-05-15 23:41:02.956 [restartedMain][TomcatWebServer.java] TomcatWebServer - Tomcat started on port 18080 (http) with context path ''
[INFO ] 2024-05-15 23:41:02.965 [restartedMain][StartupInfoLogger.java] PomsApplication - Started PomsApplication in 1.926 seconds (process running for 1075.158)
[INFO ] 2024-05-15 23:41:02.967 [restartedMain][ConditionEvaluationDeltaLoggingListener.java] ConditionEvaluationDeltaLoggingListener - Condition evaluation unchanged
[INFO ] 2024-05-15 23:41:50.472 [File Watcher][LocalDevToolsAutoConfiguration.java] LocalDevToolsAutoConfiguration$RestartingClassPathChangeChangedEventListener - Restarting due to 1 class path change (0 additions, 1 deletion, 0 modifications)
[INFO ] 2024-05-15 23:41:50.497 [Thread-63][AbstractEntityManagerFactoryBean.java] LocalContainerEntityManagerFactoryBean - Closing JPA EntityManagerFactory for persistence unit 'default'
[INFO ] 2024-05-15 23:41:50.642 [restartedMain][StartupInfoLogger.java] PomsApplication - Starting PomsApplication using Java 17.0.10 with PID 19824 (C:\Project\poms\build\classes\java\main started by user in C:\Project\poms)
[DEBUG] 2024-05-15 23:41:50.643 [restartedMain][StartupInfoLogger.java] PomsApplication - Running with Spring Boot v3.2.3, Spring v6.1.4
[INFO ] 2024-05-15 23:41:50.643 [restartedMain][SpringApplication.java] PomsApplication - No active profile set, falling back to 1 default profile: "default"
[INFO ] 2024-05-15 23:41:51.069 [restartedMain][RepositoryConfigurationDelegate.java] RepositoryConfigurationDelegate - Bootstrapping Spring Data JPA repositories in DEFAULT mode.
[INFO ] 2024-05-15 23:41:51.093 [restartedMain][RepositoryConfigurationDelegate.java] RepositoryConfigurationDelegate - Finished Spring Data repository scanning in 23 ms. Found 1 JPA repository interface.
[INFO ] 2024-05-15 23:41:51.239 [restartedMain][TomcatWebServer.java] TomcatWebServer - Tomcat initialized with port 18080 (http)
[INFO ] 2024-05-15 23:41:51.282 [restartedMain][ServletWebServerApplicationContext.java] ServletWebServerApplicationContext - Root WebApplicationContext: initialization completed in 637 ms
[INFO ] 2024-05-15 23:41:51.349 [restartedMain][SpringPersistenceUnitInfo.java] SpringPersistenceUnitInfo - No LoadTimeWeaver setup: ignoring JPA class transformer
[INFO ] 2024-05-15 23:41:51.422 [restartedMain][AbstractEntityManagerFactoryBean.java] LocalContainerEntityManagerFactoryBean - Initialized JPA EntityManagerFactory for persistence unit 'default'
[WARN ] 2024-05-15 23:41:51.539 [restartedMain][AbstractApplicationContext.java] AnnotationConfigServletWebServerApplicationContext - Exception encountered during context initialization - cancelling refresh attempt: org.springframework.beans.factory.UnsatisfiedDependencyException: Error creating bean with name 'userController' defined in file [C:\Project\poms\build\classes\java\main\com\jg\poms\controller\user\UserController.class]: Unsatisfied dependency expressed through constructor parameter 0: Error creating bean with name 'userService': Unsatisfied dependency expressed through field 'bCryptPasswordEncoder': No qualifying bean of type 'org.springframework.security.crypto.bcrypt.BCryptPasswordEncoder' available: expected at least 1 bean which qualifies as autowire candidate. Dependency annotations: {@org.springframework.beans.factory.annotation.Autowired(required=true)}
[INFO ] 2024-05-15 23:41:51.540 [restartedMain][AbstractEntityManagerFactoryBean.java] LocalContainerEntityManagerFactoryBean - Closing JPA EntityManagerFactory for persistence unit 'default'
[INFO ] 2024-05-15 23:41:51.594 [restartedMain][ConditionEvaluationReportLogger.java] ConditionEvaluationReportLogger - 

Error starting ApplicationContext. To display the condition evaluation report re-run your application with 'debug' enabled.
[ERROR] 2024-05-15 23:41:51.603 [restartedMain][LoggingFailureAnalysisReporter.java] LoggingFailureAnalysisReporter - 

***************************
APPLICATION FAILED TO START
***************************

Description:

Field bCryptPasswordEncoder in com.jg.poms.service.UserService required a bean of type 'org.springframework.security.crypto.bcrypt.BCryptPasswordEncoder' that could not be found.


Action:

Consider defining a bean of type 'org.springframework.security.crypto.bcrypt.BCryptPasswordEncoder' in your configuration.

[INFO ] 2024-05-15 23:41:53.193 [restartedMain][StartupInfoLogger.java] PomsApplication - Starting PomsApplication using Java 17.0.10 with PID 19824 (C:\Project\poms\build\classes\java\main started by user in C:\Project\poms)
[DEBUG] 2024-05-15 23:41:53.194 [restartedMain][StartupInfoLogger.java] PomsApplication - Running with Spring Boot v3.2.3, Spring v6.1.4
[INFO ] 2024-05-15 23:41:53.195 [restartedMain][SpringApplication.java] PomsApplication - No active profile set, falling back to 1 default profile: "default"
[INFO ] 2024-05-15 23:41:53.760 [restartedMain][RepositoryConfigurationDelegate.java] RepositoryConfigurationDelegate - Bootstrapping Spring Data JPA repositories in DEFAULT mode.
[INFO ] 2024-05-15 23:41:53.785 [restartedMain][RepositoryConfigurationDelegate.java] RepositoryConfigurationDelegate - Finished Spring Data repository scanning in 24 ms. Found 1 JPA repository interface.
[INFO ] 2024-05-15 23:41:53.967 [restartedMain][TomcatWebServer.java] TomcatWebServer - Tomcat initialized with port 18080 (http)
[INFO ] 2024-05-15 23:41:54.027 [restartedMain][ServletWebServerApplicationContext.java] ServletWebServerApplicationContext - Root WebApplicationContext: initialization completed in 829 ms
[INFO ] 2024-05-15 23:41:54.123 [restartedMain][SpringPersistenceUnitInfo.java] SpringPersistenceUnitInfo - No LoadTimeWeaver setup: ignoring JPA class transformer
[INFO ] 2024-05-15 23:41:54.192 [restartedMain][AbstractEntityManagerFactoryBean.java] LocalContainerEntityManagerFactoryBean - Initialized JPA EntityManagerFactory for persistence unit 'default'
[WARN ] 2024-05-15 23:41:54.335 [restartedMain][JpaBaseConfiguration.java] JpaBaseConfiguration$JpaWebConfiguration - spring.jpa.open-in-view is enabled by default. Therefore, database queries may be performed during view rendering. Explicitly configure spring.jpa.open-in-view to disable this warning
[INFO ] 2024-05-15 23:41:54.414 [restartedMain][DefaultSecurityFilterChain.java] DefaultSecurityFilterChain - Will secure any request with [org.springframework.security.web.session.DisableEncodeUrlFilter@7f543e19, org.springframework.security.web.context.request.async.WebAsyncManagerIntegrationFilter@1651dcd7, org.springframework.security.web.context.SecurityContextHolderFilter@2dc981c5, org.springframework.security.web.header.HeaderWriterFilter@41fbe8ab, org.springframework.web.filter.CorsFilter@396bc5b8, org.springframework.security.web.authentication.logout.LogoutFilter@1276f022, org.springframework.security.web.authentication.UsernamePasswordAuthenticationFilter@5a86328b, org.springframework.security.web.savedrequest.RequestCacheAwareFilter@7d356607, org.springframework.security.web.servletapi.SecurityContextHolderAwareRequestFilter@6df09381, org.springframework.security.web.authentication.AnonymousAuthenticationFilter@5292ba74, org.springframework.security.web.access.ExceptionTranslationFilter@5a69479f, org.springframework.security.web.access.intercept.AuthorizationFilter@2da056ab]
[WARN ] 2024-05-15 23:41:54.416 [restartedMain][WebSecurity.java] WebSecurity - You are asking Spring Security to ignore Mvc [pattern='/images/**']. This is not recommended -- please use permitAll via HttpSecurity#authorizeHttpRequests instead.
[INFO ] 2024-05-15 23:41:54.417 [restartedMain][DefaultSecurityFilterChain.java] DefaultSecurityFilterChain - Will not secure Mvc [pattern='/images/**']
[WARN ] 2024-05-15 23:41:54.417 [restartedMain][WebSecurity.java] WebSecurity - You are asking Spring Security to ignore Mvc [pattern='/js/**']. This is not recommended -- please use permitAll via HttpSecurity#authorizeHttpRequests instead.
[INFO ] 2024-05-15 23:41:54.417 [restartedMain][DefaultSecurityFilterChain.java] DefaultSecurityFilterChain - Will not secure Mvc [pattern='/js/**']
[WARN ] 2024-05-15 23:41:54.417 [restartedMain][WebSecurity.java] WebSecurity - You are asking Spring Security to ignore Mvc [pattern='/css/**']. This is not recommended -- please use permitAll via HttpSecurity#authorizeHttpRequests instead.
[INFO ] 2024-05-15 23:41:54.417 [restartedMain][DefaultSecurityFilterChain.java] DefaultSecurityFilterChain - Will not secure Mvc [pattern='/css/**']
[WARN ] 2024-05-15 23:41:54.417 [restartedMain][WebSecurity.java] WebSecurity - You are asking Spring Security to ignore Mvc [pattern='/font/**']. This is not recommended -- please use permitAll via HttpSecurity#authorizeHttpRequests instead.
[INFO ] 2024-05-15 23:41:54.417 [restartedMain][DefaultSecurityFilterChain.java] DefaultSecurityFilterChain - Will not secure Mvc [pattern='/font/**']
[WARN ] 2024-05-15 23:41:54.417 [restartedMain][WebSecurity.java] WebSecurity - You are asking Spring Security to ignore Mvc [pattern='/error']. This is not recommended -- please use permitAll via HttpSecurity#authorizeHttpRequests instead.
[INFO ] 2024-05-15 23:41:54.417 [restartedMain][DefaultSecurityFilterChain.java] DefaultSecurityFilterChain - Will not secure Mvc [pattern='/error']
[INFO ] 2024-05-15 23:41:54.490 [restartedMain][OptionalLiveReloadServer.java] OptionalLiveReloadServer - LiveReload server is running on port 35729
[INFO ] 2024-05-15 23:41:54.505 [restartedMain][TomcatWebServer.java] TomcatWebServer - Tomcat started on port 18080 (http) with context path ''
[INFO ] 2024-05-15 23:41:54.511 [restartedMain][StartupInfoLogger.java] PomsApplication - Started PomsApplication in 1.38 seconds (process running for 1126.705)
[INFO ] 2024-05-15 23:41:54.513 [restartedMain][ConditionEvaluationDeltaLoggingListener.java] ConditionEvaluationDeltaLoggingListener - Condition evaluation unchanged
